<?xml version="1.0" encoding="UTF-8"?>
<!-- Generated by org.testng.reporters.JUnitReportReporter -->
<testsuite hostname="DESKTOP-PV5M9MP" failures="0" tests="1" name="runners.RerunRunner" time="16.984" errors="0" timestamp="2021-08-10T17:15:16 IST" skipped="0">
  <testcase classname="runners.RerunRunner" name="runScenario" time="16.984"/>
  <system-out/>
</testsuite> <!-- runners.RerunRunner -->
