<?xml version="1.0" encoding="UTF-8"?>
<!-- Generated by org.testng.reporters.JUnitReportReporter -->
<testsuite hostname="DESKTOP-PV5M9MP" failures="0" tests="2" name="runners.GooglePageRunner" time="34.254" errors="0" timestamp="2021-08-10T17:32:18 IST" skipped="0">
  <testcase classname="runners.GooglePageRunner" name="runScenario" time="16.015"/>
  <system-out/>
  <testcase classname="runners.GooglePageRunner" name="runScenario" time="18.239"/>
  <system-out/>
</testsuite> <!-- runners.GooglePageRunner -->
